2022-04-17T16:39:27.043Z [info] Iniciando no ambiente development
2022-04-17T16:39:27.045Z [info] Servidor pronto na porta 8080
2022-04-17T16:46:36.130Z [info] Iniciando no ambiente development
2022-04-17T16:46:36.132Z [info] Servidor pronto na porta 8080
2022-04-17T16:48:37.771Z [info] Iniciando no ambiente development
2022-04-17T16:48:37.773Z [info] Servidor pronto na porta 8080
2022-04-17T16:48:40.766Z [info] Iniciando no ambiente development
2022-04-17T16:48:40.768Z [info] Servidor pronto na porta 8080
2022-04-17T16:48:43.090Z [info] Iniciando no ambiente development
2022-04-17T16:48:43.092Z [info] Servidor pronto na porta 8080
2022-04-17T16:48:44.337Z [info] Iniciando no ambiente development
2022-04-17T16:48:44.339Z [info] Servidor pronto na porta 8080
2022-04-17T16:48:45.951Z [info] Iniciando no ambiente development
2022-04-17T16:48:45.953Z [info] Servidor pronto na porta 8080
2022-04-17T16:50:03.255Z [info] Iniciando no ambiente development
2022-04-17T16:50:03.257Z [info] Servidor pronto na porta 8080
2022-04-17T16:50:05.050Z [info] Iniciando no ambiente development
2022-04-17T16:50:05.051Z [info] Servidor pronto na porta 8080
2022-04-17T16:50:07.148Z [info] Iniciando no ambiente development
2022-04-17T16:50:07.151Z [info] Servidor pronto na porta 8080
2022-04-17T16:50:32.856Z [info] Iniciando no ambiente development
2022-04-17T16:50:32.858Z [info] Servidor pronto na porta 8080
2022-04-17T16:50:35.634Z [info] Iniciando no ambiente development
2022-04-17T16:50:35.636Z [info] Servidor pronto na porta 8080
2022-04-17T16:50:47.760Z [info] Iniciando no ambiente development
2022-04-17T16:50:47.762Z [info] Servidor pronto na porta 8080
2022-04-17T16:51:27.296Z [info] Iniciando no ambiente development
2022-04-17T16:51:27.297Z [info] Servidor pronto na porta 8080
2022-04-17T16:51:45.025Z [info] Iniciando no ambiente development
2022-04-17T16:51:45.027Z [info] Servidor pronto na porta 8080
2022-04-17T16:51:57.938Z [info] Iniciando no ambiente development
2022-04-17T16:51:57.939Z [info] Servidor pronto na porta 8080
2022-04-17T16:52:09.679Z [info] Iniciando no ambiente development
2022-04-17T16:52:09.681Z [info] Servidor pronto na porta 8080
2022-04-17T16:52:14.918Z [info] Iniciando no ambiente development
2022-04-17T16:52:14.920Z [info] Servidor pronto na porta 8080
2022-04-17T16:52:23.015Z [info] Iniciando no ambiente development
2022-04-17T16:52:23.017Z [info] Servidor pronto na porta 8080
2022-04-17T16:52:26.711Z [debug] Requisição GET na rota /api/posts
2022-04-17T16:52:42.190Z [info] Iniciando no ambiente development
2022-04-17T16:52:42.192Z [info] Servidor pronto na porta 8080
2022-04-17T19:36:47.298Z [info] Iniciando no ambiente development
2022-04-17T19:36:47.300Z [info] Servidor pronto na porta 8080
2022-04-17T19:36:58.867Z [debug] Requisição POST na rota /usuarios
2022-04-17T19:37:07.359Z [debug] Requisição POST na rota /api/usuarios
2022-04-17T19:37:38.305Z [info] Iniciando no ambiente development
2022-04-17T19:37:38.307Z [info] Servidor pronto na porta 8080
2022-04-17T19:37:41.940Z [debug] Requisição POST na rota /api/usuarios
2022-04-17T19:37:50.954Z [debug] Requisição GET na rota /api/usuarios
2022-04-17T19:42:01.331Z [info] Iniciando no ambiente development
2022-04-17T19:42:01.333Z [info] Servidor pronto na porta 8080
2022-04-17T19:42:03.122Z [info] Iniciando no ambiente development
2022-04-17T19:42:03.124Z [info] Servidor pronto na porta 8080
2022-04-17T19:43:02.391Z [debug] Requisição GET na rota /api/usuarios/login
2022-04-17T19:43:26.548Z [debug] Requisição POST na rota /api/usuarios/login
2022-04-17T19:44:27.344Z [debug] Requisição GET na rota /api/usuarios
2022-04-17T19:47:41.942Z [info] Iniciando no ambiente development
2022-04-17T19:47:41.944Z [info] Servidor pronto na porta 8080
2022-04-17T19:47:48.373Z [info] Iniciando no ambiente development
2022-04-17T19:47:48.375Z [info] Servidor pronto na porta 8080
2022-04-17T19:47:56.267Z [info] Iniciando no ambiente development
2022-04-17T19:47:56.269Z [info] Servidor pronto na porta 8080
2022-04-17T19:48:00.135Z [debug] Requisição POST na rota /api/usuarios/login
2022-04-17T19:48:09.363Z [info] Iniciando no ambiente development
2022-04-17T19:48:09.366Z [info] Servidor pronto na porta 8080
2022-04-17T20:03:45.861Z [info] Iniciando no ambiente development
2022-04-17T20:03:45.863Z [info] Servidor pronto na porta 8080
2022-04-17T20:03:52.217Z [debug] Requisição POST na rota /api/usuarios/login
2022-04-17T20:07:31.103Z [info] Iniciando no ambiente development
2022-04-17T20:07:31.105Z [info] Servidor pronto na porta 8080
2022-04-17T20:07:37.788Z [info] Iniciando no ambiente development
2022-04-17T20:07:37.790Z [info] Servidor pronto na porta 8080
2022-04-17T20:28:10.879Z [info] Iniciando no ambiente development
2022-04-17T20:28:10.881Z [info] Servidor pronto na porta 8080
2022-04-17T20:28:14.821Z [debug] Requisição POST na rota /api/usuarios/login
2022-04-17T20:28:25.697Z [debug] Requisição GET na rota /api/usuarios
2022-04-17T20:28:35.931Z [debug] Requisição POST na rota /api/usuarios
2022-04-17T20:30:29.824Z [debug] Requisição GET na rota /api/posts
2022-04-17T20:30:37.252Z [debug] Requisição POST na rota /api/posts
2022-04-17T20:30:53.696Z [debug] Requisição POST na rota /api/posts
2022-04-17T20:31:27.972Z [debug] Requisição POST na rota /api/posts
2022-04-17T20:33:02.779Z [debug] Requisição POST na rota /api/posts
2022-04-17T20:33:08.054Z [debug] Requisição GET na rota /api/usuarios
2022-04-17T20:33:25.414Z [debug] Requisição POST na rota /api/usuarios/login
2022-04-17T20:33:37.607Z [debug] Requisição POST na rota /api/posts
2022-04-18T13:56:58.002Z [info] Iniciando no ambiente development
2022-04-18T13:56:58.004Z [info] Servidor pronto na porta 8080
2022-04-18T13:58:15.405Z [info] Iniciando no ambiente development
2022-04-18T13:58:15.407Z [info] Servidor pronto na porta 8080
2022-04-18T13:58:23.779Z [info] Iniciando no ambiente development
2022-04-18T13:58:23.781Z [info] Servidor pronto na porta 8080
2022-04-18T14:07:19.429Z [debug] Requisição GET na rota /api/usuarios/1
2022-04-18T14:13:42.196Z [info] Iniciando no ambiente development
2022-04-18T14:13:42.199Z [info] Servidor pronto na porta 8080
2022-04-18T14:13:43.745Z [info] Iniciando no ambiente development
2022-04-18T14:13:43.747Z [info] Servidor pronto na porta 8080
2022-04-18T14:13:47.864Z [info] Iniciando no ambiente development
2022-04-18T14:13:47.866Z [info] Servidor pronto na porta 8080
2022-04-18T14:13:57.714Z [info] Iniciando no ambiente development
2022-04-18T14:13:57.716Z [info] Servidor pronto na porta 8080
2022-04-18T14:14:00.370Z [info] Iniciando no ambiente development
2022-04-18T14:14:00.372Z [info] Servidor pronto na porta 8080
2022-04-18T14:19:30.233Z [info] Iniciando no ambiente development
2022-04-18T14:19:30.235Z [info] Servidor pronto na porta 8080
2022-04-18T16:15:47.956Z [info] Iniciando no ambiente development
2022-04-18T16:15:47.958Z [info] Servidor pronto na porta 8080
